sample.interval=20000
is.na fastcount 
is.na fastcount 
is.na fastcount 
is.na fastcount 
is.na fastcount 
is.na fastcount 
is.na fastcount 
is.na fastcount 
is.na fastcount 
is.na fastcount 
is.na fastcount 
is.na fastcount 
fastcount 
| fastcount 
| fastcount 
| fastcount 
| fastcount 
fastcount 
fastcount 
fastcount 
fastcount 
fastcount 
fastcount 
| fastcount 
| fastcount 
| fastcount 
fastcount 
fastcount 
fastcount 
fastcount 
fastcount 
| fastcount 
| fastcount 
| fastcount 
| fastcount 
! fastcount 
! fastcount 
! fastcount 
max numeric fastcount 
max numeric fastcount 
